android/app/build/intermediates/manifest_merge_blame_file/debug/manifest-merger-blame-debug-report.txt
1<?xml version="1.0" encoding="utf-8"?>
2<manifest xmlns:android="http://schemas.android.com/apk/res/android"
3    package="com.covidinfo"
4    android:versionCode="1"
5    android:versionName="1.0" >
6
7    <uses-sdk
8        android:minSdkVersion="16"
9        android:targetSdkVersion="29" />
10
11    <uses-permission android:name="android.permission.SYSTEM_ALERT_WINDOW" />
11-->src/debug/AndroidManifest.xml:5:5-77
11-->src/debug/AndroidManifest.xml:5:22-75
12    <uses-permission android:name="android.permission.INTERNET" />
12-->src/main/AndroidManifest.xml:4:5-67
12-->src/main/AndroidManifest.xml:4:22-64
13    <uses-permission android:name="android.permission.ACCESS_FINE_LOCATION" />
13-->src/main/AndroidManifest.xml:5:5-79
13-->src/main/AndroidManifest.xml:5:22-76
14    <uses-permission android:name="android.permission.ACCESS_WIFI_STATE" />
14-->[com.facebook.flipper:flipper:0.37.0] AndroidManifest.xml:16:5-76
14-->[com.facebook.flipper:flipper:0.37.0] AndroidManifest.xml:16:22-73
15
16    <application
16-->src/main/AndroidManifest.xml:7:5-35:19
17        android:name="com.covidinfo.MainApplication"
17-->src/main/AndroidManifest.xml:8:7-38
18        android:allowBackup="false"
18-->src/main/AndroidManifest.xml:12:7-34
19        android:appComponentFactory="androidx.core.app.CoreComponentFactory"
19-->[androidx.core:core:1.1.0] AndroidManifest.xml:24:18-86
20        android:debuggable="true"
21        android:icon="@mipmap/ic_launcher"
21-->src/main/AndroidManifest.xml:10:7-41
22        android:label="@string/app_name"
22-->src/main/AndroidManifest.xml:9:7-39
23        android:roundIcon="@mipmap/ic_launcher_round"
23-->src/main/AndroidManifest.xml:11:7-52
24        android:theme="@style/AppTheme"
24-->src/main/AndroidManifest.xml:13:7-38
25        android:usesCleartextTraffic="true" >
25-->src/debug/AndroidManifest.xml:7:18-53
26        <activity
26-->src/main/AndroidManifest.xml:15:7-23:18
27            android:name="com.covidinfo.SplashActivity"
27-->src/main/AndroidManifest.xml:16:9-39
28            android:label="@string/app_name"
28-->src/main/AndroidManifest.xml:18:9-41
29            android:theme="@style/SplashTheme" >
29-->src/main/AndroidManifest.xml:17:9-43
30            <intent-filter>
30-->src/main/AndroidManifest.xml:19:9-22:25
31                <action android:name="android.intent.action.MAIN" />
31-->src/main/AndroidManifest.xml:20:13-65
31-->src/main/AndroidManifest.xml:20:21-62
32
33                <category android:name="android.intent.category.LAUNCHER" />
33-->src/main/AndroidManifest.xml:21:13-73
33-->src/main/AndroidManifest.xml:21:23-70
34            </intent-filter>
35        </activity>
36        <activity
36-->src/main/AndroidManifest.xml:25:7-33:18
37            android:name="com.covidinfo.MainActivity"
37-->src/main/AndroidManifest.xml:26:9-37
38            android:configChanges="keyboard|keyboardHidden|orientation|screenSize|uiMode"
38-->src/main/AndroidManifest.xml:28:9-86
39            android:exported="true"
39-->src/main/AndroidManifest.xml:32:9-32
40            android:label="@string/app_name"
40-->src/main/AndroidManifest.xml:27:9-41
41            android:launchMode="singleTask"
41-->src/main/AndroidManifest.xml:30:9-40
42            android:screenOrientation="portrait"
42-->src/main/AndroidManifest.xml:29:9-45
43            android:windowSoftInputMode="adjustResize" >
43-->src/main/AndroidManifest.xml:31:9-51
44        </activity>
45        <activity android:name="com.facebook.react.devsupport.DevSettingsActivity" />
45-->src/main/AndroidManifest.xml:34:7-84
45-->src/main/AndroidManifest.xml:34:17-81
46
47        <provider
47-->[:react-native-webview] AndroidManifest.xml:12:9-20:20
48            android:name="com.reactnativecommunity.webview.RNCWebViewFileProvider"
48-->[:react-native-webview] AndroidManifest.xml:13:13-83
49            android:authorities="com.covidinfo.fileprovider"
49-->[:react-native-webview] AndroidManifest.xml:14:13-64
50            android:exported="false"
50-->[:react-native-webview] AndroidManifest.xml:15:13-37
51            android:grantUriPermissions="true" >
51-->[:react-native-webview] AndroidManifest.xml:16:13-47
52            <meta-data
52-->[:react-native-webview] AndroidManifest.xml:17:13-19:63
53                android:name="android.support.FILE_PROVIDER_PATHS"
53-->[:react-native-webview] AndroidManifest.xml:18:17-67
54                android:resource="@xml/file_provider_paths" />
54-->[:react-native-webview] AndroidManifest.xml:19:17-60
55        </provider>
56    </application>
57
58</manifest>